# JRE version: OpenJDK Runtime Environment Zulu11.66+15-CA (11.0.20+8) (build 11.0.20+8-LTS)
# Java VM: OpenJDK 64-Bit Server VM Zulu11.66+15-CA (11.0.20+8-LTS, mixed mode, tiered, compressed oops, g1 gc, windows-amd64)
Heap:
 garbage-first heap   total 129024K, used 25596K [0x0000000082400000, 0x0000000100000000)
  region size 1024K, 17 young (17408K), 4 survivors (4096K)
 Metaspace       used 31957K, capacity 32768K, committed 32896K, reserved 1079296K
  class space    used 3606K, capacity 3913K, committed 3968K, reserved 1048576K
GC Heap History (8 events):
Event: 0.591 GC heap before
{Heap before GC invocations=0 (full 0):
 garbage-first heap   total 129024K, used 24576K [0x0000000082400000, 0x0000000100000000)
  region size 1024K, 24 young (24576K), 0 survivors (0K)
 Metaspace       used 11945K, capacity 12185K, committed 12288K, reserved 1060864K
  class space    used 1133K, capacity 1185K, committed 1280K, reserved 1048576K
}
Event: 0.595 GC heap after
{Heap after GC invocations=1 (full 0):
 garbage-first heap   total 129024K, used 6847K [0x0000000082400000, 0x0000000100000000)
  region size 1024K, 3 young (3072K), 3 survivors (3072K)
 Metaspace       used 11945K, capacity 12185K, committed 12288K, reserved 1060864K
  class space    used 1133K, capacity 1185K, committed 1280K, reserved 1048576K
}
Event: 1.169 GC heap before
{Heap before GC invocations=1 (full 0):
 garbage-first heap   total 129024K, used 46783K [0x0000000082400000, 0x0000000100000000)
  region size 1024K, 44 young (45056K), 3 survivors (3072K)
 Metaspace       used 20623K, capacity 21195K, committed 21296K, reserved 1069056K
  class space    used 2224K, capacity 2418K, committed 2432K, reserved 1048576K
}
Event: 1.176 GC heap after
{Heap after GC invocations=2 (full 0):
 garbage-first heap   total 129024K, used 9396K [0x0000000082400000, 0x0000000100000000)
  region size 1024K, 6 young (6144K), 6 survivors (6144K)
 Metaspace       used 20623K, capacity 21195K, committed 21296K, reserved 1069056K
  class space    used 2224K, capacity 2418K, committed 2432K, reserved 1048576K
}
Event: 1.827 GC heap before
{Heap before GC invocations=3 (full 0):
 garbage-first heap   total 129024K, used 56500K [0x0000000082400000, 0x0000000100000000)
  region size 1024K, 53 young (54272K), 6 survivors (6144K)
 Metaspace       used 26436K, capacity 27110K, committed 27264K, reserved 1073152K
  class space    used 2921K, capacity 3192K, committed 3200K, reserved 1048576K
}
Event: 1.834 GC heap after
{Heap after GC invocations=4 (full 0):
 garbage-first heap   total 129024K, used 11269K [0x0000000082400000, 0x0000000100000000)
  region size 1024K, 5 young (5120K), 5 survivors (5120K)
 Metaspace       used 26436K, capacity 27110K, committed 27264K, reserved 1073152K
  class space    used 2921K, capacity 3192K, committed 3200K, reserved 1048576K
}
Event: 2.562 GC heap before
{Heap before GC invocations=4 (full 0):
 garbage-first heap   total 129024K, used 71685K [0x0000000082400000, 0x0000000100000000)
  region size 1024K, 64 young (65536K), 5 survivors (5120K)
 Metaspace       used 30624K, capacity 31370K, committed 31488K, reserved 1077248K
  class space    used 3434K, capacity 3748K, committed 3840K, reserved 1048576K
}
Event: 2.568 GC heap after
{Heap after GC invocations=5 (full 0):
 garbage-first heap   total 129024K, used 13308K [0x0000000082400000, 0x0000000100000000)
  region size 1024K, 4 young (4096K), 4 survivors (4096K)
 Metaspace       used 30624K, capacity 31370K, committed 31488K, reserved 1077248K
  class space    used 3434K, capacity 3748K, committed 3840K, reserved 1048576K
}

